<?xml version="1.0" encoding="UTF-8" ?>
<testsuite tests="17" failures="0" name="ie.gmit.softwareeng.assignment.FilmServiceTest" time="0.504" errors="0" skipped="0">
  <properties>
    <property name="java.runtime.name" value="Java(TM) SE Runtime Environment"/>
    <property name="java.vm.version" value="10.0.2+13"/>
    <property name="sun.boot.library.path" value="C:\Program Files\Java\jdk-10.0.2\bin"/>
    <property name="maven.multiModuleProjectDirectory" value="C:\Users\shane\Documents\SoftwareEngAndTestAssignment"/>
    <property name="java.vm.vendor" value="&quot;Oracle Corporation&quot;"/>
    <property name="java.vendor.url" value="http://java.oracle.com/"/>
    <property name="guice.disable.misplaced.annotation.check" value="true"/>
    <property name="path.separator" value=";"/>
    <property name="java.vm.name" value="Java HotSpot(TM) 64-Bit Server VM"/>
    <property name="file.encoding.pkg" value="sun.io"/>
    <property name="sun.os.patch.level" value=""/>
    <property name="user.script" value=""/>
    <property name="user.country" value="IE"/>
    <property name="sun.java.launcher" value="SUN_STANDARD"/>
    <property name="java.vm.specification.name" value="Java Virtual Machine Specification"/>
    <property name="user.dir" value="C:\Users\shane\Documents\SoftwareEngAndTestAssignment"/>
    <property name="java.vm.compressedOopsMode" value="Zero based"/>
    <property name="java.runtime.version" value="10.0.2+13"/>
    <property name="java.awt.graphicsenv" value="sun.awt.Win32GraphicsEnvironment"/>
    <property name="os.arch" value="amd64"/>
    <property name="java.io.tmpdir" value="C:\Users\shane\AppData\Local\Temp\"/>
    <property name="line.separator" value="
"/>
    <property name="java.vm.specification.vendor" value="Oracle Corporation"/>
    <property name="user.variant" value=""/>
    <property name="os.name" value="Windows 10"/>
    <property name="classworlds.conf" value="C:\driversJava\apache-maven-3.6.0\bin\..\bin\m2.conf"/>
    <property name="sun.jnu.encoding" value="Cp1252"/>
    <property name="java.library.path" value="C:\Program Files\Java\jdk-10.0.2\bin;C:\WINDOWS\Sun\Java\bin;C:\WINDOWS\system32;C:\WINDOWS;C:\Program Files (x86)\Common Files\Oracle\Java\javapath;C:\WINDOWS\system32;C:\WINDOWS;C:\WINDOWS\System32\Wbem;C:\WINDOWS\System32\WindowsPowerShell\v1.0\;C:\WINDOWS\System32\OpenSSH\;C:\Program Files\dotnet\;C:\Program Files\Git\cmd;C:\nodejs\installs\;C:\Program Files\PuTTY\;C:\driversJava\apache-ant-1.10.5-bin\apache-ant-1.10.5\bin;C:\Program Files\Java\jdk-10.0.2\bin;C:\driversJava\apache-maven-3.6.0\bin;C:\Program Files (x86)\Windows Live\Shared;C:\Users\shane\AppData\Local\Programs\Python\Python36\Scripts\;C:\Users\shane\AppData\Local\Programs\Python\Python36\;C:\Users\shane\AppData\Local\Microsoft\WindowsApps;C:\ffmpeg\bin\;C:\nc\;C:\mplayer\;C:\Users\shane\AppData\Local\atom\bin;C:\Users\shane\AppData\Roaming\npm;C:\Bin\msys64\usr\bin;C:\Bin\;C:\driversJava\apache-ant-1.10.5-bin\apache-ant-1.10.5;;."/>
    <property name="maven.conf" value="C:\driversJava\apache-maven-3.6.0\bin\../conf"/>
    <property name="jdk.debug" value="release"/>
    <property name="java.class.version" value="54.0"/>
    <property name="java.specification.name" value="Java Platform API Specification"/>
    <property name="sun.management.compiler" value="HotSpot 64-Bit Tiered Compilers"/>
    <property name="os.version" value="10.0"/>
    <property name="library.jansi.path" value="C:\driversJava\apache-maven-3.6.0\bin\..\lib\jansi-native"/>
    <property name="user.home" value="C:\Users\shane"/>
    <property name="user.timezone" value="Europe/London"/>
    <property name="java.awt.printerjob" value="sun.awt.windows.WPrinterJob"/>
    <property name="file.encoding" value="Cp1252"/>
    <property name="java.specification.version" value="10"/>
    <property name="user.name" value="shane"/>
    <property name="java.class.path" value="C:\driversJava\apache-maven-3.6.0\bin\..\boot\plexus-classworlds-2.5.2.jar"/>
    <property name="java.vm.specification.version" value="10"/>
    <property name="sun.arch.data.model" value="64"/>
    <property name="sun.java.command" value="org.codehaus.plexus.classworlds.launcher.Launcher test"/>
    <property name="java.home" value="C:\Program Files\Java\jdk-10.0.2"/>
    <property name="user.language" value="en"/>
    <property name="java.specification.vendor" value="Oracle Corporation"/>
    <property name="awt.toolkit" value="sun.awt.windows.WToolkit"/>
    <property name="java.vm.info" value="mixed mode"/>
    <property name="java.version" value="10.0.2"/>
    <property name="java.vendor" value="Oracle Corporation"/>
    <property name="sun.stderr.encoding" value="cp437"/>
    <property name="maven.home" value="C:\driversJava\apache-maven-3.6.0\bin\.."/>
    <property name="file.separator" value="\"/>
    <property name="java.version.date" value="2018-07-17"/>
    <property name="java.vendor.url.bug" value="http://bugreport.java.com/bugreport/"/>
    <property name="sun.io.unicode.encoding" value="UnicodeLittle"/>
    <property name="sun.cpu.endian" value="little"/>
    <property name="java.vendor.version" value="18.3"/>
    <property name="sun.stdout.encoding" value="cp437"/>
    <property name="sun.desktop" value="windows"/>
    <property name="sun.cpu.isalist" value="amd64"/>
  </properties>
  <testcase classname="ie.gmit.softwareeng.assignment.FilmServiceTest" name="getCorrectMovie1" time="0.483"/>
  <testcase classname="ie.gmit.softwareeng.assignment.FilmServiceTest" name="getCorrectMovie2" time="0"/>
  <testcase classname="ie.gmit.softwareeng.assignment.FilmServiceTest" name="getWrongMovie1" time="0.001"/>
  <testcase classname="ie.gmit.softwareeng.assignment.FilmServiceTest" name="getWrongMovie2" time="0.001"/>
  <testcase classname="ie.gmit.softwareeng.assignment.FilmServiceTest" name="getAverageRating" time="0.001"/>
  <testcase classname="ie.gmit.softwareeng.assignment.FilmServiceTest" name="returnMovieNotFound" time="0.005"/>
  <testcase classname="ie.gmit.softwareeng.assignment.FilmServiceTest" name="rentCorrectMovie" time="0.001"/>
  <testcase classname="ie.gmit.softwareeng.assignment.FilmServiceTest" name="rentMovieNotFound" time="0.001"/>
  <testcase classname="ie.gmit.softwareeng.assignment.FilmServiceTest" name="getFilmCatalog" time="0.001"/>
  <testcase classname="ie.gmit.softwareeng.assignment.FilmServiceTest" name="rentOutOfStock" time="0.001"/>
  <testcase classname="ie.gmit.softwareeng.assignment.FilmServiceTest" name="getAverageRatingWrong" time="0.002"/>
  <testcase classname="ie.gmit.softwareeng.assignment.FilmServiceTest" name="getAverageRatingZero" time="0.001"/>
  <testcase classname="ie.gmit.softwareeng.assignment.FilmServiceTest" name="catalog" time="0.001"/>
  <testcase classname="ie.gmit.softwareeng.assignment.FilmServiceTest" name="returnWrongMovie" time="0.001"/>
  <testcase classname="ie.gmit.softwareeng.assignment.FilmServiceTest" name="rentWrongMovie2" time="0.001"/>
  <testcase classname="ie.gmit.softwareeng.assignment.FilmServiceTest" name="returnCorrectMovie" time="0.002"/>
  <testcase classname="ie.gmit.softwareeng.assignment.FilmServiceTest" name="getMovieNotFound" time="0.001"/>
</testsuite>